c:\code-experiments\codeinc++\team-concepts-modern\debug\vc140.pdb
c:\code-experiments\codeinc++\team-concepts-modern\debug\vc140.idb
c:\code-experiments\codeinc++\team-concepts-modern\debug\stdafx.obj
c:\code-experiments\codeinc++\team-concepts-modern\debug\team-concepts-modern.obj
c:\code-experiments\codeinc++\team-concepts-modern\debug\team-concepts-modern.pdb
c:\code-experiments\codeinc++\team-concepts-modern\debug\team-concepts-modern.idb
c:\code-experiments\codeinc++\team-concepts-modern\debug\trienode.obj
c:\code-experiments\codeinc++\team-concepts-modern\debug\trie.obj
c:\code-experiments\codeinc++\team-concepts\debug\team-concepts-modern.lib
c:\code-experiments\codeinc++\team-concepts\debug\team-concepts-modern.ilk
c:\code-experiments\codeinc++\team-concepts\debug\team-concepts-modern.exe
c:\code-experiments\codeinc++\team-concepts\debug\team-concepts-modern.pdb
c:\code-experiments\codeinc++\team-concepts-modern\debug\team-con.42da11bb.tlog\cl.command.1.tlog
c:\code-experiments\codeinc++\team-concepts-modern\debug\team-con.42da11bb.tlog\cl.read.1.tlog
c:\code-experiments\codeinc++\team-concepts-modern\debug\team-con.42da11bb.tlog\cl.write.1.tlog
c:\code-experiments\codeinc++\team-concepts-modern\debug\team-con.42da11bb.tlog\lib-link.write.1.tlog
c:\code-experiments\codeinc++\team-concepts-modern\debug\team-con.42da11bb.tlog\lib.command.1.tlog
c:\code-experiments\codeinc++\team-concepts-modern\debug\team-con.42da11bb.tlog\lib.read.1.tlog
c:\code-experiments\codeinc++\team-concepts-modern\debug\team-con.42da11bb.tlog\link.command.1.tlog
c:\code-experiments\codeinc++\team-concepts-modern\debug\team-con.42da11bb.tlog\link.read.1.tlog
c:\code-experiments\codeinc++\team-concepts-modern\debug\team-con.42da11bb.tlog\link.write.1.tlog
